[35m[Appium][39m Welcome to Appium v1.22.3
[35m[Appium][39m Non-default server args:
[35m[Appium][39m   port: 55628
[35m[Appium][39m   loglevel: info
[35m[Appium][39m   tmpDir: C:\Users\hp\AppData\Local\Temp\\Katalon\Appium\Temp1680883486171
[35m[Appium][39m   chromedriverPort: 55629
[35m[Appium][39m Deprecated server args:
[35m[Appium][39m   [31m--chromedriver-port[39m => --default-capabilities
[35m[Appium][39m Default capabilities, which will be added to each request unless overridden by desired capabilities:
[35m[Appium][39m   chromedriverPort: 55629
[35m[Appium][39m Appium REST http interface listener started on 0.0.0.0:55628
[35m[HTTP][39m [37m-->[39m [37mGET[39m [37m/wd/hub/status[39m
[35m[HTTP][39m [90m{}[39m
[35m[HTTP][39m [37m<-- GET /wd/hub/status [39m[32m200[39m [90m16 ms - 68[39m
[35m[HTTP][39m [90m[39m
[35m[HTTP][39m [37m-->[39m [37mGET[39m [37m/wd/hub/status[39m
[35m[HTTP][39m [90m{}[39m
[35m[HTTP][39m [37m<-- GET /wd/hub/status [39m[32m200[39m [90m3 ms - 68[39m
[35m[HTTP][39m [90m[39m
[35m[HTTP][39m [37m-->[39m [37mPOST[39m [37m/wd/hub/session[39m
[35m[HTTP][39m [90m{"desiredCapabilities":{"appActivity":".Settings","appPackage":"com.android.settings","newCommandTimeout":1800,"platformVersion":"12","automationName":"uiautomator2","autoGrantPermissions":true,"platformName":"Android","udid":"RRCT40477BZ","deviceName":"samsung SM-A736B (Android 12)","platform":"ANDROID","systemPort":8270},"capabilities":{"firstMatch":[{"appium:appActivity":".Settings","appium:appPackage":"com.android.settings","appium:autoGrantPermissions":true,"appium:automationName":"uiautomator2","appium:deviceName":"samsung SM-A736B (Android 12)","appium:newCommandTimeout":1800,"platform":"ANDROID","platformName":"android","appium:platformVersion":"12","appium:systemPort":8270,"appium:udid":"RRCT40477BZ"}]}}[39m
[35m[BaseDriver][39m The following capabilities are not standard capabilities and should have an extension prefix:
[35m[BaseDriver][39m   platform
[35m[BaseDriver][39m   chromedriverPort
[35m[Appium][39m Appium v1.22.3 creating new AndroidUiautomator2Driver (v1.70.1) session
[35m[BaseDriver][39m The following capabilities were provided, but are not recognized by Appium:
[35m[BaseDriver][39m   platform
[35m[BaseDriver][39m Session created with session id: 52bbd122-ac62-4395-902d-a6e80cf8b568
[35m[UiAutomator2][39m Starting 'com.android.settings' directly on the device
[35m[ADB][39m Found 1 'build-tools' folders under 'C:\Users\hp\.katalon\tools\android_sdk' (newest first):
[35m[ADB][39m     C:/Users/hp/.katalon/tools/android_sdk/build-tools/29.0.3
[35m[ADB][39m Using 'adb.exe' from 'C:\Users\hp\.katalon\tools\android_sdk\platform-tools\adb.exe'
[35m[AndroidDriver][39m Retrieving device list
[35m[AndroidDriver][39m Using device: RRCT40477BZ
[35m[ADB][39m Using 'adb.exe' from 'C:\Users\hp\.katalon\tools\android_sdk\platform-tools\adb.exe'
[35m[ADB][39m Getting device platform version
[35m[UiAutomator2][39m Relaxing hidden api policy
[35m[AndroidDriver][39m No app sent in, not parsing package/activity
[35m[UiAutomator2][39m Server package at 'C:\Program Files\Appium Server GUI\resources\app\node_modules\appium\node_modules\appium-uiautomator2-server\apks\appium-uiautomator2-server-v4.27.0.apk' is not writeable. Will copy it into the temporary location at 'C:\Users\hp\AppData\Local\Temp\Katalon\Appium\Temp1680883486171\202337-14340-1r3wpe1.16cs' as a workaround. Consider making this file writeable manually in order to improve the performance of session startup.
[35m[UiAutomator2][39m Server package at 'C:\Program Files\Appium Server GUI\resources\app\node_modules\appium\node_modules\appium-uiautomator2-server\apks\appium-uiautomator2-server-debug-androidTest.apk' is not writeable. Will copy it into the temporary location at 'C:\Users\hp\AppData\Local\Temp\Katalon\Appium\Temp1680883486171\202337-14340-1r3wpe1.16cs' as a workaround. Consider making this file writeable manually in order to improve the performance of session startup.
[35m[ADB][39m Using 'apksigner.jar' from 'C:\Users\hp\.katalon\tools\android_sdk\build-tools\29.0.3\lib\apksigner.jar'
[35m[ADB][39m 'C:\Users\hp\AppData\Local\Temp\Katalon\Appium\Temp1680883486171\202337-14340-1r3wpe1.16cs\appium-uiautomator2-server-v4.27.0.apk' is signed with the default certificate
[35m[ADB][39m 'C:\Users\hp\AppData\Local\Temp\Katalon\Appium\Temp1680883486171\202337-14340-1r3wpe1.16cs\appium-uiautomator2-server-debug-androidTest.apk' is signed with the default certificate
[35m[UiAutomator2][39m Server packages are not going to be (re)installed
[35m[ADB][39m Adding packages ["io.appium.settings","io.appium.uiautomator2.server","io.appium.uiautomator2.server.test"] to Doze whitelist
[35m[ADB][39m com.android.settings contains no permissions available for granting
[35m[UiAutomator2][39m Starting UIAutomator2 server 4.27.0
[35m[UiAutomator2][39m Using UIAutomator2 server from 'C:\Program Files\Appium Server GUI\resources\app\node_modules\appium\node_modules\appium-uiautomator2-server\apks\appium-uiautomator2-server-v4.27.0.apk' and test from 'C:\Program Files\Appium Server GUI\resources\app\node_modules\appium\node_modules\appium-uiautomator2-server\apks\appium-uiautomator2-server-debug-androidTest.apk'
[35m[UiAutomator2][39m Waiting up to 30000ms for UiAutomator2 to be online...
[35m[WD Proxy][39m socket hang up
[35m[WD Proxy][39m socket hang up
[35m[WD Proxy][39m socket hang up
[35m[WD Proxy][39m Determined the downstream protocol as 'W3C'
[35m[AndroidDriver][39m Screen already unlocked, doing nothing
[35m[UiAutomator2][39m Starting 'com.android.settings/.Settings and waiting for 'com.android.settings/.Settings'
[35m[Appium][39m New AndroidUiautomator2Driver session created successfully, session 52bbd122-ac62-4395-902d-a6e80cf8b568 added to master session list
[35m[HTTP][39m [37m<-- POST /wd/hub/session [39m[32m200[39m [90m20678 ms - 1159[39m
[35m[HTTP][39m [90m[39m
[35m[HTTP][39m [37m-->[39m [37mGET[39m [37m/wd/hub/session/52bbd122-ac62-4395-902d-a6e80cf8b568[39m
[35m[HTTP][39m [90m{}[39m
[35m[HTTP][39m [37m<-- GET /wd/hub/session/52bbd122-ac62-4395-902d-a6e80cf8b568 [39m[32m200[39m [90m14 ms - 1113[39m
[35m[HTTP][39m [90m[39m
[35m[HTTP][39m [37m-->[39m [37mGET[39m [37m/wd/hub/session/52bbd122-ac62-4395-902d-a6e80cf8b568[39m
[35m[HTTP][39m [90m{}[39m
[35m[HTTP][39m [37m<-- GET /wd/hub/session/52bbd122-ac62-4395-902d-a6e80cf8b568 [39m[32m200[39m [90m10 ms - 1113[39m
[35m[HTTP][39m [90m[39m
[35m[HTTP][39m [37m-->[39m [37mGET[39m [37m/wd/hub/status[39m
[35m[HTTP][39m [90m{}[39m
[35m[HTTP][39m [37m<-- GET /wd/hub/status [39m[32m200[39m [90m1 ms - 68[39m
[35m[HTTP][39m [90m[39m
[35m[HTTP][39m [37m-->[39m [37mPOST[39m [37m/wd/hub/session/52bbd122-ac62-4395-902d-a6e80cf8b568/timeouts[39m
[35m[HTTP][39m [90m{"implicit":60000}[39m
[35m[HTTP][39m [37m<-- POST /wd/hub/session/52bbd122-ac62-4395-902d-a6e80cf8b568/timeouts [39m[32m200[39m [90m5 ms - 14[39m
[35m[HTTP][39m [90m[39m
[35m[HTTP][39m [37m-->[39m [37mGET[39m [37m/wd/hub/session/52bbd122-ac62-4395-902d-a6e80cf8b568/screenshot[39m
[35m[HTTP][39m [90m{}[39m
[35m[HTTP][39m [37m<-- GET /wd/hub/session/52bbd122-ac62-4395-902d-a6e80cf8b568/screenshot [39m[32m200[39m [90m371 ms - 289866[39m
[35m[HTTP][39m [90m[39m
[35m[HTTP][39m [37m-->[39m [37mGET[39m [37m/wd/hub/session/52bbd122-ac62-4395-902d-a6e80cf8b568/window/rect[39m
[35m[HTTP][39m [90m{}[39m
[35m[HTTP][39m [37m<-- GET /wd/hub/session/52bbd122-ac62-4395-902d-a6e80cf8b568/window/rect [39m[32m200[39m [90m32 ms - 50[39m
[35m[HTTP][39m [90m[39m
[35m[HTTP][39m [37m-->[39m [37mGET[39m [37m/wd/hub/session/52bbd122-ac62-4395-902d-a6e80cf8b568/appium/device/system_bars[39m
[35m[HTTP][39m [90m{}[39m
[35m[HTTP][39m [37m<-- GET /wd/hub/session/52bbd122-ac62-4395-902d-a6e80cf8b568/appium/device/system_bars [39m[32m200[39m [90m164 ms - 145[39m
[35m[HTTP][39m [90m[39m
[35m[HTTP][39m [37m-->[39m [37mPOST[39m [37m/wd/hub/session/52bbd122-ac62-4395-902d-a6e80cf8b568/appium/device/activate_app[39m
[35m[HTTP][39m [90m{"bundleId":"com.apkpure.aegon"}[39m
[35m[HTTP][39m [37m<-- POST /wd/hub/session/52bbd122-ac62-4395-902d-a6e80cf8b568/appium/device/activate_app [39m[32m200[39m [90m487 ms - 14[39m
[35m[HTTP][39m [90m[39m
[35m[HTTP][39m [37m-->[39m [37mGET[39m [37m/wd/hub/session/52bbd122-ac62-4395-902d-a6e80cf8b568/source[39m
[35m[HTTP][39m [90m{}[39m
[35m[W3C (52bbd122)][39m Driver proxy active, passing request on via HTTP proxy
[35m[WD Proxy][39m Replacing sessionId a4da0bb9-8302-4b38-95f8-fc5dff455faf with 52bbd122-ac62-4395-902d-a6e80cf8b568
[35m[HTTP][39m [37m<-- GET /wd/hub/session/52bbd122-ac62-4395-902d-a6e80cf8b568/source [39m[32m200[39m [90m698 ms - 5966[39m
[35m[HTTP][39m [90m[39m
[35m[HTTP][39m [37m-->[39m [37mGET[39m [37m/wd/hub/session/52bbd122-ac62-4395-902d-a6e80cf8b568/screenshot[39m
[35m[HTTP][39m [90m{}[39m
[35m[HTTP][39m [37m<-- GET /wd/hub/session/52bbd122-ac62-4395-902d-a6e80cf8b568/screenshot [39m[32m200[39m [90m1464 ms - 3140912[39m
[35m[HTTP][39m [90m[39m
[35m[HTTP][39m [37m-->[39m [37mGET[39m [37m/wd/hub/session/52bbd122-ac62-4395-902d-a6e80cf8b568/source[39m
[35m[HTTP][39m [90m{}[39m
[35m[W3C (52bbd122)][39m Driver proxy active, passing request on via HTTP proxy
[35m[WD Proxy][39m Replacing sessionId a4da0bb9-8302-4b38-95f8-fc5dff455faf with 52bbd122-ac62-4395-902d-a6e80cf8b568
[35m[HTTP][39m [37m<-- GET /wd/hub/session/52bbd122-ac62-4395-902d-a6e80cf8b568/source [39m[32m200[39m [90m282 ms - 33454[39m
[35m[HTTP][39m [90m[39m
[35m[HTTP][39m [37m-->[39m [37mGET[39m [37m/wd/hub/session/52bbd122-ac62-4395-902d-a6e80cf8b568/screenshot[39m
[35m[HTTP][39m [90m{}[39m
[35m[HTTP][39m [37m<-- GET /wd/hub/session/52bbd122-ac62-4395-902d-a6e80cf8b568/screenshot [39m[32m200[39m [90m631 ms - 540150[39m
[35m[HTTP][39m [90m[39m
[35m[HTTP][39m [37m-->[39m [37mPOST[39m [37m/wd/hub/session/52bbd122-ac62-4395-902d-a6e80cf8b568/elements[39m
[35m[HTTP][39m [90m{"using":"xpath","value":"//*[@class = 'android.widget.ImageView' and @resource-id = 'com.apkpure.aegon:id/arg' and (@text = '' or . = '')]"}[39m
[35m[HTTP][39m [37m<-- POST /wd/hub/session/52bbd122-ac62-4395-902d-a6e80cf8b568/elements [39m[32m200[39m [90m403 ms - 1547[39m
[35m[HTTP][39m [90m[39m
[35m[HTTP][39m [37m-->[39m [37mPOST[39m [37m/wd/hub/session/52bbd122-ac62-4395-902d-a6e80cf8b568/elements[39m
[35m[HTTP][39m [90m{"using":"id","value":"com.apkpure.aegon:id/arg"}[39m
[35m[HTTP][39m [37m<-- POST /wd/hub/session/52bbd122-ac62-4395-902d-a6e80cf8b568/elements [39m[32m200[39m [90m215 ms - 7691[39m
[35m[HTTP][39m [90m[39m
[35m[HTTP][39m [37m-->[39m [37mPOST[39m [37m/wd/hub/session/52bbd122-ac62-4395-902d-a6e80cf8b568/elements[39m
[35m[HTTP][39m [90m{"using":"-android uiautomator","value":"new UiSelector().className(\"android.widget.ImageView\").resourceId(\"com.apkpure.aegon:id/arg\")"}[39m
[35m[HTTP][39m [37m<-- POST /wd/hub/session/52bbd122-ac62-4395-902d-a6e80cf8b568/elements [39m[32m200[39m [90m265 ms - 1547[39m
[35m[HTTP][39m [90m[39m
[35m[HTTP][39m [37m-->[39m [37mPOST[39m [37m/wd/hub/session/52bbd122-ac62-4395-902d-a6e80cf8b568/elements[39m
[35m[HTTP][39m [90m{"using":"xpath","value":"//*[@class = 'android.widget.TextView' and (@text = 'Log In' or . = 'Log In') and @resource-id = 'com.apkpure.aegon:id/arg']"}[39m
[35m[HTTP][39m [37m<-- POST /wd/hub/session/52bbd122-ac62-4395-902d-a6e80cf8b568/elements [39m[32m200[39m [90m202 ms - 139[39m
[35m[HTTP][39m [90m[39m
[35m[HTTP][39m [37m-->[39m [37mGET[39m [37m/wd/hub/session/52bbd122-ac62-4395-902d-a6e80cf8b568/source[39m
[35m[HTTP][39m [90m{}[39m
[35m[W3C (52bbd122)][39m Driver proxy active, passing request on via HTTP proxy
[35m[WD Proxy][39m Replacing sessionId a4da0bb9-8302-4b38-95f8-fc5dff455faf with 52bbd122-ac62-4395-902d-a6e80cf8b568
[35m[HTTP][39m [37m<-- GET /wd/hub/session/52bbd122-ac62-4395-902d-a6e80cf8b568/source [39m[32m200[39m [90m181 ms - 33454[39m
[35m[HTTP][39m [90m[39m
[35m[HTTP][39m [37m-->[39m [37mGET[39m [37m/wd/hub/session/52bbd122-ac62-4395-902d-a6e80cf8b568/screenshot[39m
[35m[HTTP][39m [90m{}[39m
[35m[HTTP][39m [37m<-- GET /wd/hub/session/52bbd122-ac62-4395-902d-a6e80cf8b568/screenshot [39m[32m200[39m [90m630 ms - 540310[39m
[35m[HTTP][39m [90m[39m
[35m[HTTP][39m [37m-->[39m [37mGET[39m [37m/wd/hub/session/52bbd122-ac62-4395-902d-a6e80cf8b568/source[39m
[35m[HTTP][39m [90m{}[39m
[35m[W3C (52bbd122)][39m Driver proxy active, passing request on via HTTP proxy
[35m[WD Proxy][39m Replacing sessionId a4da0bb9-8302-4b38-95f8-fc5dff455faf with 52bbd122-ac62-4395-902d-a6e80cf8b568
[35m[HTTP][39m [37m<-- GET /wd/hub/session/52bbd122-ac62-4395-902d-a6e80cf8b568/source [39m[32m200[39m [90m50 ms - 15088[39m
[35m[HTTP][39m [90m[39m
[35m[HTTP][39m [37m-->[39m [37mGET[39m [37m/wd/hub/session/52bbd122-ac62-4395-902d-a6e80cf8b568/screenshot[39m
[35m[HTTP][39m [90m{}[39m
[35m[HTTP][39m [37m<-- GET /wd/hub/session/52bbd122-ac62-4395-902d-a6e80cf8b568/screenshot [39m[32m200[39m [90m445 ms - 175694[39m
[35m[HTTP][39m [90m[39m
[35m[HTTP][39m [37m-->[39m [37mPOST[39m [37m/wd/hub/session/52bbd122-ac62-4395-902d-a6e80cf8b568/elements[39m
[35m[HTTP][39m [90m{"using":"xpath","value":"//*[@class = 'android.widget.ImageButton' and (@text = '' or . = '')]"}[39m
[35m[HTTP][39m [37m<-- POST /wd/hub/session/52bbd122-ac62-4395-902d-a6e80cf8b568/elements [39m[32m200[39m [90m73 ms - 139[39m
[35m[HTTP][39m [90m[39m
[35m[HTTP][39m [37m-->[39m [37mPOST[39m [37m/wd/hub/session/52bbd122-ac62-4395-902d-a6e80cf8b568/elements[39m
[35m[HTTP][39m [90m{"using":"xpath","value":"//*[@class = 'android.widget.TextView' and (@text = 'Log In' or . = 'Log In')]"}[39m
[35m[HTTP][39m [37m<-- POST /wd/hub/session/52bbd122-ac62-4395-902d-a6e80cf8b568/elements [39m[32m200[39m [90m62 ms - 267[39m
[35m[HTTP][39m [90m[39m
[35m[HTTP][39m [37m-->[39m [37mPOST[39m [37m/wd/hub/session/52bbd122-ac62-4395-902d-a6e80cf8b568/elements[39m
[35m[HTTP][39m [90m{"using":"-android uiautomator","value":"new UiSelector().className(\"android.widget.TextView\").text(\"Log In\")"}[39m
[35m[HTTP][39m [37m<-- POST /wd/hub/session/52bbd122-ac62-4395-902d-a6e80cf8b568/elements [39m[32m200[39m [90m42 ms - 267[39m
[35m[HTTP][39m [90m[39m
[35m[HTTP][39m [37m-->[39m [37mGET[39m [37m/wd/hub/session/52bbd122-ac62-4395-902d-a6e80cf8b568/source[39m
[35m[HTTP][39m [90m{}[39m
[35m[W3C (52bbd122)][39m Driver proxy active, passing request on via HTTP proxy
[35m[WD Proxy][39m Replacing sessionId a4da0bb9-8302-4b38-95f8-fc5dff455faf with 52bbd122-ac62-4395-902d-a6e80cf8b568
[35m[HTTP][39m [37m<-- GET /wd/hub/session/52bbd122-ac62-4395-902d-a6e80cf8b568/source [39m[32m200[39m [90m65 ms - 15088[39m
[35m[HTTP][39m [90m[39m
[35m[HTTP][39m [37m-->[39m [37mGET[39m [37m/wd/hub/session/52bbd122-ac62-4395-902d-a6e80cf8b568/screenshot[39m
[35m[HTTP][39m [90m{}[39m
[35m[HTTP][39m [37m<-- GET /wd/hub/session/52bbd122-ac62-4395-902d-a6e80cf8b568/screenshot [39m[32m200[39m [90m365 ms - 175694[39m
[35m[HTTP][39m [90m[39m
[35m[HTTP][39m [37m-->[39m [37mGET[39m [37m/wd/hub/session/52bbd122-ac62-4395-902d-a6e80cf8b568/source[39m
[35m[HTTP][39m [90m{}[39m
[35m[W3C (52bbd122)][39m Driver proxy active, passing request on via HTTP proxy
[35m[WD Proxy][39m Replacing sessionId a4da0bb9-8302-4b38-95f8-fc5dff455faf with 52bbd122-ac62-4395-902d-a6e80cf8b568
[35m[HTTP][39m [37m<-- GET /wd/hub/session/52bbd122-ac62-4395-902d-a6e80cf8b568/source [39m[32m200[39m [90m69 ms - 8806[39m
[35m[HTTP][39m [90m[39m
[35m[HTTP][39m [37m-->[39m [37mGET[39m [37m/wd/hub/session/52bbd122-ac62-4395-902d-a6e80cf8b568/screenshot[39m
[35m[HTTP][39m [90m{}[39m
[35m[HTTP][39m [37m<-- GET /wd/hub/session/52bbd122-ac62-4395-902d-a6e80cf8b568/screenshot [39m[32m200[39m [90m364 ms - 188514[39m
[35m[HTTP][39m [90m[39m
[35m[HTTP][39m [37m-->[39m [37mPOST[39m [37m/wd/hub/session/52bbd122-ac62-4395-902d-a6e80cf8b568/elements[39m
[35m[HTTP][39m [90m{"using":"xpath","value":"//*[@class = 'android.widget.Button' and (@text = 'Agree and continue' or . = 'Agree and continue') and @resource-id = 'android:id/button1']"}[39m
[35m[HTTP][39m [37m<-- POST /wd/hub/session/52bbd122-ac62-4395-902d-a6e80cf8b568/elements [39m[32m200[39m [90m77 ms - 139[39m
[35m[HTTP][39m [90m[39m
[35m[HTTP][39m [37m-->[39m [37mGET[39m [37m/wd/hub/session/52bbd122-ac62-4395-902d-a6e80cf8b568/source[39m
[35m[HTTP][39m [90m{}[39m
[35m[W3C (52bbd122)][39m Driver proxy active, passing request on via HTTP proxy
[35m[WD Proxy][39m Replacing sessionId a4da0bb9-8302-4b38-95f8-fc5dff455faf with 52bbd122-ac62-4395-902d-a6e80cf8b568
[35m[HTTP][39m [37m<-- GET /wd/hub/session/52bbd122-ac62-4395-902d-a6e80cf8b568/source [39m[32m200[39m [90m47 ms - 8806[39m
[35m[HTTP][39m [90m[39m
[35m[HTTP][39m [37m-->[39m [37mGET[39m [37m/wd/hub/session/52bbd122-ac62-4395-902d-a6e80cf8b568/screenshot[39m
[35m[HTTP][39m [90m{}[39m
[35m[HTTP][39m [37m<-- GET /wd/hub/session/52bbd122-ac62-4395-902d-a6e80cf8b568/screenshot [39m[32m200[39m [90m385 ms - 188604[39m
[35m[HTTP][39m [90m[39m
[35m[HTTP][39m [37m-->[39m [37mGET[39m [37m/wd/hub/session/52bbd122-ac62-4395-902d-a6e80cf8b568/source[39m
[35m[HTTP][39m [90m{}[39m
[35m[W3C (52bbd122)][39m Driver proxy active, passing request on via HTTP proxy
[35m[WD Proxy][39m Replacing sessionId a4da0bb9-8302-4b38-95f8-fc5dff455faf with 52bbd122-ac62-4395-902d-a6e80cf8b568
[35m[HTTP][39m [37m<-- GET /wd/hub/session/52bbd122-ac62-4395-902d-a6e80cf8b568/source [39m[32m200[39m [90m74 ms - 16179[39m
[35m[HTTP][39m [90m[39m
[35m[HTTP][39m [37m-->[39m [37mGET[39m [37m/wd/hub/session/52bbd122-ac62-4395-902d-a6e80cf8b568/screenshot[39m
[35m[HTTP][39m [90m{}[39m
[35m[HTTP][39m [37m<-- GET /wd/hub/session/52bbd122-ac62-4395-902d-a6e80cf8b568/screenshot [39m[32m200[39m [90m364 ms - 171444[39m
[35m[HTTP][39m [90m[39m
[35m[HTTP][39m [37m-->[39m [37mPOST[39m [37m/wd/hub/session/52bbd122-ac62-4395-902d-a6e80cf8b568/elements[39m
[35m[HTTP][39m [90m{"using":"xpath","value":"//*[@class = 'android.widget.EditText' and (@text = 'Username or email' or . = 'Username or email') and @resource-id = 'com.apkpure.aegon:id/arg']"}[39m
[35m[HTTP][39m [37m<-- POST /wd/hub/session/52bbd122-ac62-4395-902d-a6e80cf8b568/elements [39m[32m200[39m [90m101 ms - 139[39m
[35m[HTTP][39m [90m[39m
[35m[HTTP][39m [37m-->[39m [37mPOST[39m [37m/wd/hub/session/52bbd122-ac62-4395-902d-a6e80cf8b568/elements[39m
[35m[HTTP][39m [90m{"using":"xpath","value":"//*[@class = 'android.widget.EditText' and (@text = 'Password' or . = 'Password') and @resource-id = 'com.apkpure.aegon:id/arg']"}[39m
[35m[HTTP][39m [37m<-- POST /wd/hub/session/52bbd122-ac62-4395-902d-a6e80cf8b568/elements [39m[32m200[39m [90m80 ms - 139[39m
[35m[HTTP][39m [90m[39m
[35m[HTTP][39m [37m-->[39m [37mPOST[39m [37m/wd/hub/session/52bbd122-ac62-4395-902d-a6e80cf8b568/elements[39m
[35m[HTTP][39m [90m{"using":"xpath","value":"//*[@class = 'android.widget.Button' and (@text = 'SIGN IN' or . = 'SIGN IN') and @resource-id = 'com.apkpure.aegon:id/arg']"}[39m
[35m[HTTP][39m [37m<-- POST /wd/hub/session/52bbd122-ac62-4395-902d-a6e80cf8b568/elements [39m[32m200[39m [90m6246 ms - 139[39m
[35m[HTTP][39m [90m[39m
[35m[HTTP][39m [37m-->[39m [37mGET[39m [37m/wd/hub/session/52bbd122-ac62-4395-902d-a6e80cf8b568/source[39m
[35m[HTTP][39m [90m{}[39m
[35m[W3C (52bbd122)][39m Driver proxy active, passing request on via HTTP proxy
[35m[WD Proxy][39m Replacing sessionId a4da0bb9-8302-4b38-95f8-fc5dff455faf with 52bbd122-ac62-4395-902d-a6e80cf8b568
[35m[HTTP][39m [37m<-- GET /wd/hub/session/52bbd122-ac62-4395-902d-a6e80cf8b568/source [39m[32m200[39m [90m230 ms - 16179[39m
[35m[HTTP][39m [90m[39m
[35m[HTTP][39m [37m-->[39m [37mGET[39m [37m/wd/hub/session/52bbd122-ac62-4395-902d-a6e80cf8b568/screenshot[39m
[35m[HTTP][39m [90m{}[39m
[35m[HTTP][39m [37m<-- GET /wd/hub/session/52bbd122-ac62-4395-902d-a6e80cf8b568/screenshot [39m[32m200[39m [90m382 ms - 172754[39m
[35m[HTTP][39m [90m[39m
[35m[HTTP][39m [37m-->[39m [37mGET[39m [37m/wd/hub/session/52bbd122-ac62-4395-902d-a6e80cf8b568/source[39m
[35m[HTTP][39m [90m{}[39m
[35m[W3C (52bbd122)][39m Driver proxy active, passing request on via HTTP proxy
[35m[WD Proxy][39m Replacing sessionId a4da0bb9-8302-4b38-95f8-fc5dff455faf with 52bbd122-ac62-4395-902d-a6e80cf8b568
[35m[HTTP][39m [37m<-- GET /wd/hub/session/52bbd122-ac62-4395-902d-a6e80cf8b568/source [39m[32m200[39m [90m77 ms - 17483[39m
[35m[HTTP][39m [90m[39m
[35m[HTTP][39m [37m-->[39m [37mGET[39m [37m/wd/hub/session/52bbd122-ac62-4395-902d-a6e80cf8b568/screenshot[39m
[35m[HTTP][39m [90m{}[39m
[35m[HTTP][39m [37m<-- GET /wd/hub/session/52bbd122-ac62-4395-902d-a6e80cf8b568/screenshot [39m[32m200[39m [90m381 ms - 263784[39m
[35m[HTTP][39m [90m[39m
[35m[HTTP][39m [37m-->[39m [37mPOST[39m [37m/wd/hub/session/52bbd122-ac62-4395-902d-a6e80cf8b568/elements[39m
[35m[HTTP][39m [90m{"using":"xpath","value":"//*[@class = 'android.widget.TextView' and (@text = 'Akun Anda masukkan tidak ada.' or . = 'Akun Anda masukkan tidak ada.') and @resource-id = 'com.apkpure.aegon:id/arg']"}[39m
[35m[HTTP][39m [37m<-- POST /wd/hub/session/52bbd122-ac62-4395-902d-a6e80cf8b568/elements [39m[32m200[39m [90m121 ms - 139[39m
[35m[HTTP][39m [90m[39m
[35m[HTTP][39m [37m-->[39m [37mGET[39m [37m/wd/hub/session/52bbd122-ac62-4395-902d-a6e80cf8b568/source[39m
[35m[HTTP][39m [90m{}[39m
[35m[W3C (52bbd122)][39m Driver proxy active, passing request on via HTTP proxy
[35m[WD Proxy][39m Replacing sessionId a4da0bb9-8302-4b38-95f8-fc5dff455faf with 52bbd122-ac62-4395-902d-a6e80cf8b568
[35m[HTTP][39m [37m<-- GET /wd/hub/session/52bbd122-ac62-4395-902d-a6e80cf8b568/source [39m[32m200[39m [90m82 ms - 17483[39m
[35m[HTTP][39m [90m[39m
[35m[HTTP][39m [37m-->[39m [37mGET[39m [37m/wd/hub/session/52bbd122-ac62-4395-902d-a6e80cf8b568/screenshot[39m
[35m[HTTP][39m [90m{}[39m
[35m[HTTP][39m [37m<-- GET /wd/hub/session/52bbd122-ac62-4395-902d-a6e80cf8b568/screenshot [39m[32m200[39m [90m366 ms - 262664[39m
[35m[HTTP][39m [90m[39m
[35m[HTTP][39m [37m-->[39m [37mDELETE[39m [37m/wd/hub/session/52bbd122-ac62-4395-902d-a6e80cf8b568[39m
[35m[HTTP][39m [90m{}[39m
[35m[Appium][39m Removing session 52bbd122-ac62-4395-902d-a6e80cf8b568 from our master session list
[35m[UiAutomator2][39m Restoring hidden api policy to the device default configuration
[35m[HTTP][39m [37m<-- DELETE /wd/hub/session/52bbd122-ac62-4395-902d-a6e80cf8b568 [39m[32m200[39m [90m567 ms - 14[39m
[35m[HTTP][39m [90m[39m
